0 info it worked if it ends with ok
1 verbose cli [ '/usr/bin/node', '/usr/bin/npm', 'run', 'build' ]
2 info using npm@3.5.2
3 info using node@v8.10.0
4 verbose run-script [ 'prebuild', 'build', 'postbuild' ]
5 info lifecycle archiver-viewer@1.0.0~prebuild: archiver-viewer@1.0.0
6 silly lifecycle archiver-viewer@1.0.0~prebuild: no script for prebuild, continuing
7 info lifecycle archiver-viewer@1.0.0~build: archiver-viewer@1.0.0
8 verbose lifecycle archiver-viewer@1.0.0~build: unsafe-perm in lifecycle true
9 verbose lifecycle archiver-viewer@1.0.0~build: PATH: /usr/share/npm/bin/node-gyp-bin:/var/www/html/archiver-viewer/node_modules/.bin:/home/controle/miniconda3/bin:/home/controle/miniconda3/condabin:/opt/epics-R3.15.5/base/bin/linux-x86_64:/usr/local/sbin:/usr/local/bin:/usr/sbin:/usr/bin:/sbin:/bin:/snap/bin:/home/controle/miniconda3:/usr/lib/x86_64-linux-gnu/qt5/bin
10 verbose lifecycle archiver-viewer@1.0.0~build: CWD: /var/www/html/archiver-viewer
11 silly lifecycle archiver-viewer@1.0.0~build: Args: [ '-c',
11 silly lifecycle   'babel-node ./node_modules/webpack/bin/webpack && sed -i \'s/c=l\\.r,s=l\\.c/ /g\' ./dist/index.bundle.js' ]
12 info lifecycle archiver-viewer@1.0.0~build: Failed to exec build script
13 verbose stack Error: archiver-viewer@1.0.0 build: `babel-node ./node_modules/webpack/bin/webpack && sed -i 's/c=l\.r,s=l\.c/ /g' ./dist/index.bundle.js`
13 verbose stack spawn ENOENT
13 verbose stack     at ChildProcess.<anonymous> (/usr/share/npm/lib/utils/spawn.js:17:16)
13 verbose stack     at emitTwo (events.js:126:13)
13 verbose stack     at ChildProcess.emit (events.js:214:7)
13 verbose stack     at maybeClose (internal/child_process.js:925:16)
13 verbose stack     at Process.ChildProcess._handle.onexit (internal/child_process.js:209:5)
14 verbose pkgid archiver-viewer@1.0.0
15 verbose cwd /var/www/html/archiver-viewer/src
16 error Linux 5.3.0-46-generic
17 error argv "/usr/bin/node" "/usr/bin/npm" "run" "build"
18 error node v8.10.0
19 error npm  v3.5.2
20 error file sh
21 error code ELIFECYCLE
22 error errno ENOENT
23 error syscall spawn
24 error archiver-viewer@1.0.0 build: `babel-node ./node_modules/webpack/bin/webpack && sed -i 's/c=l\.r,s=l\.c/ /g' ./dist/index.bundle.js`
24 error spawn ENOENT
25 error Failed at the archiver-viewer@1.0.0 build script 'babel-node ./node_modules/webpack/bin/webpack && sed -i 's/c=l\.r,s=l\.c/ /g' ./dist/index.bundle.js'.
25 error Make sure you have the latest version of node.js and npm installed.
25 error If you do, this is most likely a problem with the archiver-viewer package,
25 error not with npm itself.
25 error Tell the author that this fails on your system:
25 error     babel-node ./node_modules/webpack/bin/webpack && sed -i 's/c=l\.r,s=l\.c/ /g' ./dist/index.bundle.js
25 error You can get information on how to open an issue for this project with:
25 error     npm bugs archiver-viewer
25 error Or if that isn't available, you can get their info via:
25 error     npm owner ls archiver-viewer
25 error There is likely additional logging output above.
26 verbose exit [ 1, true ]
